Found 311 image(s) to process.
Using logo: /home/ganeshram/Downloads/Adobe Express - file.png
Thumbnail width: 400px

[1/311] Processing: Customized Interior Products/Chair Wooden/IMG-20210127-WA0021.jpg
✓ Watermarked: Customized Interior Products/Chair Wooden/IMG-20210127-WA0021.jpg
✓ Thumbnail: Customized Interior Products/Chair Wooden/IMG-20210127-WA0021-thumb.jpg
[2/311] Processing: Customized Interior Products/Chair Wooden/20210411_170526.jpg
✓ Watermarked: Customized Interior Products/Chair Wooden/20210411_170526.jpg
✓ Thumbnail: Customized Interior Products/Chair Wooden/20210411_170526-thumb.jpg
[3/311] Processing: Customized Interior Products/Chair Wooden/IMG-20210127-WA0027.jpg
✓ Watermarked: Customized Interior Products/Chair Wooden/IMG-20210127-WA0027.jpg
✓ Thumbnail: Customized Interior Products/Chair Wooden/IMG-20210127-WA0027-thumb.jpg
[4/311] Processing: Customized Interior Products/Chair Wooden/20210411_170509.jpg
✓ Watermarked: Customized Interior Products/Chair Wooden/20210411_170509.jpg
✓ Thumbnail: Customized Interior Products/Chair Wooden/20210411_170509-thumb.jpg
[5/311] Processing: Customized Interior Products/Metal Design Work 1/IMG_20220309_232933_142.jpg
✓ Watermarked: Customized Interior Products/Metal Design Work 1/IMG_20220309_232933_142.jpg
✓ Thumbnail: Customized Interior Products/Metal Design Work 1/IMG_20220309_232933_142-thumb.jpg
[6/311] Processing: Customized Interior Products/Metal Design Work 1/IMG_20220309_232933_131.jpg
✓ Watermarked: Customized Interior Products/Metal Design Work 1/IMG_20220309_232933_131.jpg
✓ Thumbnail: Customized Interior Products/Metal Design Work 1/IMG_20220309_232933_131-thumb.jpg
[7/311] Processing: Customized Interior Products/Metal Design Work 1/IMG_20220309_232933_121.jpg
✓ Watermarked: Customized Interior Products/Metal Design Work 1/IMG_20220309_232933_121.jpg
✓ Thumbnail: Customized Interior Products/Metal Design Work 1/IMG_20220309_232933_121-thumb.jpg
[8/311] Processing: Customized Interior Products/Metal Design Work 1/IMG_20220309_232933_070.jpg
✓ Watermarked: Customized Interior Products/Metal Design Work 1/IMG_20220309_232933_070.jpg
✓ Thumbnail: Customized Interior Products/Metal Design Work 1/IMG_20220309_232933_070-thumb.jpg
[9/311] Processing: Customized Interior Products/Metal Design Work 1/IMG_20220309_232933_085.jpg
✓ Watermarked: Customized Interior Products/Metal Design Work 1/IMG_20220309_232933_085.jpg
✓ Thumbnail: Customized Interior Products/Metal Design Work 1/IMG_20220309_232933_085-thumb.jpg
[10/311] Processing: Customized Interior Products/Metal Art/20251002_144751.jpg
✓ Watermarked: Customized Interior Products/Metal Art/20251002_144751.jpg
✓ Thumbnail: Customized Interior Products/Metal Art/20251002_144751-thumb.jpg
[11/311] Processing: Customized Interior Products/Metal Art/20241020_110936.jpg
✓ Watermarked: Customized Interior Products/Metal Art/20241020_110936.jpg
✓ Thumbnail: Customized Interior Products/Metal Art/20241020_110936-thumb.jpg
[12/311] Processing: Customized Interior Products/Metal Art/20240809_123423.jpg
✓ Watermarked: Customized Interior Products/Metal Art/20240809_123423.jpg
✓ Thumbnail: Customized Interior Products/Metal Art/20240809_123423-thumb.jpg
[13/311] Processing: Customized Interior Products/Metal Art/20251002_144759.jpg
✓ Watermarked: Customized Interior Products/Metal Art/20251002_144759.jpg
✓ Thumbnail: Customized Interior Products/Metal Art/20251002_144759-thumb.jpg
[14/311] Processing: Customized Interior Products/Metal Art/e7dcc323655c0f0460bd69eefa02cb25.jpg
✓ Watermarked: Customized Interior Products/Metal Art/e7dcc323655c0f0460bd69eefa02cb25.jpg
✓ Thumbnail: Customized Interior Products/Metal Art/e7dcc323655c0f0460bd69eefa02cb25-thumb.jpg
[15/311] Processing: Customized Interior Products/Metal Art/20240428_090209.jpg
✓ Watermarked: Customized Interior Products/Metal Art/20240428_090209.jpg
✓ Thumbnail: Customized Interior Products/Metal Art/20240428_090209-thumb.jpg
[16/311] Processing: Customized Interior Products/Metal Art/20251002_144704.jpg
✓ Watermarked: Customized Interior Products/Metal Art/20251002_144704.jpg
✓ Thumbnail: Customized Interior Products/Metal Art/20251002_144704-thumb.jpg
[17/311] Processing: Customized Interior Products/Metal Art/20250430_184646.jpg
✓ Watermarked: Customized Interior Products/Metal Art/20250430_184646.jpg
✓ Thumbnail: Customized Interior Products/Metal Art/20250430_184646-thumb.jpg
[18/311] Processing: Customized Interior Products/Metal Art/20250430_184854.jpg
✓ Watermarked: Customized Interior Products/Metal Art/20250430_184854.jpg
✓ Thumbnail: Customized Interior Products/Metal Art/20250430_184854-thumb.jpg
[19/311] Processing: Customized Interior Products/Metal Art/20241020_111208.jpg
✓ Watermarked: Customized Interior Products/Metal Art/20241020_111208.jpg
✓ Thumbnail: Customized Interior Products/Metal Art/20241020_111208-thumb.jpg
[20/311] Processing: Customized Interior Products/Metal Art/20231229_130231.jpg
✓ Watermarked: Customized Interior Products/Metal Art/20231229_130231.jpg
✓ Thumbnail: Customized Interior Products/Metal Art/20231229_130231-thumb.jpg
[21/311] Processing: Customized Interior Products/Metal Art/20250430_184259.jpg
✓ Watermarked: Customized Interior Products/Metal Art/20250430_184259.jpg
✓ Thumbnail: Customized Interior Products/Metal Art/20250430_184259-thumb.jpg
[22/311] Processing: Customized Interior Products/Metal Art/20250506_153551.jpg
✓ Watermarked: Customized Interior Products/Metal Art/20250506_153551.jpg
✓ Thumbnail: Customized Interior Products/Metal Art/20250506_153551-thumb.jpg
[23/311] Processing: Customized Interior Products/Metal Art/20250618_114825.jpg
✓ Watermarked: Customized Interior Products/Metal Art/20250618_114825.jpg
✓ Thumbnail: Customized Interior Products/Metal Art/20250618_114825-thumb.jpg
[24/311] Processing: Customized Interior Products/Metal Art/20250618_114752.jpg
✓ Watermarked: Customized Interior Products/Metal Art/20250618_114752.jpg
✓ Thumbnail: Customized Interior Products/Metal Art/20250618_114752-thumb.jpg
[25/311] Processing: Customized Interior Products/Metal Art/20250430_184109.jpg
✓ Watermarked: Customized Interior Products/Metal Art/20250430_184109.jpg
✓ Thumbnail: Customized Interior Products/Metal Art/20250430_184109-thumb.jpg
[26/311] Processing: Customized Interior Products/Metal Art/20250430_184306.jpg
✓ Watermarked: Customized Interior Products/Metal Art/20250430_184306.jpg
✓ Thumbnail: Customized Interior Products/Metal Art/20250430_184306-thumb.jpg
[27/311] Processing: Customized Interior Products/ottoman bench/fe00ead4b1644c4ea3c2935dbbf53391.jpg
✓ Watermarked: Customized Interior Products/ottoman bench/fe00ead4b1644c4ea3c2935dbbf53391.jpg
✓ Thumbnail: Customized Interior Products/ottoman bench/fe00ead4b1644c4ea3c2935dbbf53391-thumb.jpg
[28/311] Processing: Customized Interior Products/ottoman bench/67565316062e633de125faca-sherpa-storage-bench-45-inch-bedroom.jpg
✓ Watermarked: Customized Interior Products/ottoman bench/67565316062e633de125faca-sherpa-storage-bench-45-inch-bedroom.jpg
✓ Thumbnail: Customized Interior Products/ottoman bench/67565316062e633de125faca-sherpa-storage-bench-45-inch-bedroom-thumb.jpg
[29/311] Processing: Customized Interior Products/Fluted Panel 2/20220506_173855.jpg
✓ Watermarked: Customized Interior Products/Fluted Panel 2/20220506_173855.jpg
✓ Thumbnail: Customized Interior Products/Fluted Panel 2/20220506_173855-thumb.jpg
[30/311] Processing: Customized Interior Products/Fluted Panel 2/20220527_150416.jpg
✓ Watermarked: Customized Interior Products/Fluted Panel 2/20220527_150416.jpg
✓ Thumbnail: Customized Interior Products/Fluted Panel 2/20220527_150416-thumb.jpg
[31/311] Processing: Customized Interior Products/Fluted Panel 2/20220506_173111.jpg
✓ Watermarked: Customized Interior Products/Fluted Panel 2/20220506_173111.jpg
✓ Thumbnail: Customized Interior Products/Fluted Panel 2/20220506_173111-thumb.jpg
[32/311] Processing: Customized Interior Products/Fluted Panel 2/20220527_150338.jpg
✓ Watermarked: Customized Interior Products/Fluted Panel 2/20220527_150338.jpg
✓ Thumbnail: Customized Interior Products/Fluted Panel 2/20220527_150338-thumb.jpg
[33/311] Processing: Customized Interior Products/Wall Panel Design/20240703_113954.jpg
✓ Watermarked: Customized Interior Products/Wall Panel Design/20240703_113954.jpg
✓ Thumbnail: Customized Interior Products/Wall Panel Design/20240703_113954-thumb.jpg
[34/311] Processing: Customized Interior Products/Wall Panel Design/20230222_180013.jpg
✓ Watermarked: Customized Interior Products/Wall Panel Design/20230222_180013.jpg
✓ Thumbnail: Customized Interior Products/Wall Panel Design/20230222_180013-thumb.jpg
[35/311] Processing: Customized Interior Products/Wall Panel Design/IMG_20210922_220250_430.jpg
✓ Watermarked: Customized Interior Products/Wall Panel Design/IMG_20210922_220250_430.jpg
✓ Thumbnail: Customized Interior Products/Wall Panel Design/IMG_20210922_220250_430-thumb.jpg
[36/311] Processing: Customized Interior Products/Wall Panel Design/IMG_20210922_220250_438.jpg
✓ Watermarked: Customized Interior Products/Wall Panel Design/IMG_20210922_220250_438.jpg
✓ Thumbnail: Customized Interior Products/Wall Panel Design/IMG_20210922_220250_438-thumb.jpg
[37/311] Processing: Customized Interior Products/Wall Panel Design/FB_IMG_1629792623317.jpg
✓ Watermarked: Customized Interior Products/Wall Panel Design/FB_IMG_1629792623317.jpg
✓ Thumbnail: Customized Interior Products/Wall Panel Design/FB_IMG_1629792623317-thumb.jpg
[38/311] Processing: Customized Interior Products/Wall Panel Design/17a0f1ff69918f2d3384999120161ef3.jpg
✓ Watermarked: Customized Interior Products/Wall Panel Design/17a0f1ff69918f2d3384999120161ef3.jpg
✓ Thumbnail: Customized Interior Products/Wall Panel Design/17a0f1ff69918f2d3384999120161ef3-thumb.jpg
[39/311] Processing: Customized Interior Products/Wall Panel Design/d0fe39a18a7572ec19a81f55161cb9b2.jpg
✓ Watermarked: Customized Interior Products/Wall Panel Design/d0fe39a18a7572ec19a81f55161cb9b2.jpg
✓ Thumbnail: Customized Interior Products/Wall Panel Design/d0fe39a18a7572ec19a81f55161cb9b2-thumb.jpg
[40/311] Processing: Customized Interior Products/Wall Panel Design/20240523_161449.jpg
✓ Watermarked: Customized Interior Products/Wall Panel Design/20240523_161449.jpg
✓ Thumbnail: Customized Interior Products/Wall Panel Design/20240523_161449-thumb.jpg
[41/311] Processing: Customized Interior Products/Wall Panel Design/20240703_113857.jpg
✓ Watermarked: Customized Interior Products/Wall Panel Design/20240703_113857.jpg
✓ Thumbnail: Customized Interior Products/Wall Panel Design/20240703_113857-thumb.jpg
[42/311] Processing: Customized Interior Products/Wall Panel Design/20230504_132138.jpg
✓ Watermarked: Customized Interior Products/Wall Panel Design/20230504_132138.jpg
✓ Thumbnail: Customized Interior Products/Wall Panel Design/20230504_132138-thumb.jpg
[43/311] Processing: Customized Interior Products/Wall Panel Design/20230222_180222.jpg
✓ Watermarked: Customized Interior Products/Wall Panel Design/20230222_180222.jpg
✓ Thumbnail: Customized Interior Products/Wall Panel Design/20230222_180222-thumb.jpg
[44/311] Processing: Customized Interior Products/Wall Panel Design/20230222_180304.jpg
✓ Watermarked: Customized Interior Products/Wall Panel Design/20230222_180304.jpg
✓ Thumbnail: Customized Interior Products/Wall Panel Design/20230222_180304-thumb.jpg
[45/311] Processing: Customized Interior Products/Wall Panel Design/20240416_171258.jpg
✓ Watermarked: Customized Interior Products/Wall Panel Design/20240416_171258.jpg
✓ Thumbnail: Customized Interior Products/Wall Panel Design/20240416_171258-thumb.jpg
[46/311] Processing: Customized Interior Products/Wall Panel Design/20240703_113607.jpg
✓ Watermarked: Customized Interior Products/Wall Panel Design/20240703_113607.jpg
✓ Thumbnail: Customized Interior Products/Wall Panel Design/20240703_113607-thumb.jpg
[47/311] Processing: Customized Interior Products/Wall Panel Design/20240523_161456.jpg
✓ Watermarked: Customized Interior Products/Wall Panel Design/20240523_161456.jpg
✓ Thumbnail: Customized Interior Products/Wall Panel Design/20240523_161456-thumb.jpg
[48/311] Processing: Customized Interior Products/Wall Panel Design/20230222_180342.jpg
✓ Watermarked: Customized Interior Products/Wall Panel Design/20230222_180342.jpg
✓ Thumbnail: Customized Interior Products/Wall Panel Design/20230222_180342-thumb.jpg
[49/311] Processing: Customized Interior Products/Metal Partition/20250506_153321.jpg
✓ Watermarked: Customized Interior Products/Metal Partition/20250506_153321.jpg
✓ Thumbnail: Customized Interior Products/Metal Partition/20250506_153321-thumb.jpg
[50/311] Processing: Customized Interior Products/Metal Partition/20250618_114715.jpg
✓ Watermarked: Customized Interior Products/Metal Partition/20250618_114715.jpg
✓ Thumbnail: Customized Interior Products/Metal Partition/20250618_114715-thumb.jpg
[51/311] Processing: Customized Interior Products/Metal Partition/20250506_153356.jpg
✓ Watermarked: Customized Interior Products/Metal Partition/20250506_153356.jpg
✓ Thumbnail: Customized Interior Products/Metal Partition/20250506_153356-thumb.jpg
[52/311] Processing: Customized Interior Products/Metal Partition/20230617_211415.jpg
✓ Watermarked: Customized Interior Products/Metal Partition/20230617_211415.jpg
✓ Thumbnail: Customized Interior Products/Metal Partition/20230617_211415-thumb.jpg
[53/311] Processing: Customized Interior Products/Metal Partition/20240926_123115.jpg
✓ Watermarked: Customized Interior Products/Metal Partition/20240926_123115.jpg
✓ Thumbnail: Customized Interior Products/Metal Partition/20240926_123115-thumb.jpg
[54/311] Processing: Customized Interior Products/Metal Partition/20250618_114320.jpg
✓ Watermarked: Customized Interior Products/Metal Partition/20250618_114320.jpg
✓ Thumbnail: Customized Interior Products/Metal Partition/20250618_114320-thumb.jpg
[55/311] Processing: Customized Interior Products/Metal Partition/20240703_114121.jpg
✓ Watermarked: Customized Interior Products/Metal Partition/20240703_114121.jpg
✓ Thumbnail: Customized Interior Products/Metal Partition/20240703_114121-thumb.jpg
[56/311] Processing: Customized Interior Products/Metal Partition/20250618_114340.jpg
✓ Watermarked: Customized Interior Products/Metal Partition/20250618_114340.jpg
✓ Thumbnail: Customized Interior Products/Metal Partition/20250618_114340-thumb.jpg
[57/311] Processing: Customized Interior Products/Metal Partition/20250506_153339.jpg
✓ Watermarked: Customized Interior Products/Metal Partition/20250506_153339.jpg
✓ Thumbnail: Customized Interior Products/Metal Partition/20250506_153339-thumb.jpg
[58/311] Processing: Customized Interior Products/Metal Partition/20250909_101755.jpg
✓ Watermarked: Customized Interior Products/Metal Partition/20250909_101755.jpg
✓ Thumbnail: Customized Interior Products/Metal Partition/20250909_101755-thumb.jpg
[59/311] Processing: Customized Interior Products/Metal Partition/20250618_114357.jpg
✓ Watermarked: Customized Interior Products/Metal Partition/20250618_114357.jpg
✓ Thumbnail: Customized Interior Products/Metal Partition/20250618_114357-thumb.jpg
[60/311] Processing: Customized Interior Products/Handle Metal/20230616_190958.jpg
✓ Watermarked: Customized Interior Products/Handle Metal/20230616_190958.jpg
✓ Thumbnail: Customized Interior Products/Handle Metal/20230616_190958-thumb.jpg
[61/311] Processing: Customized Interior Products/Handle Metal/20220721_202734.jpg
✓ Watermarked: Customized Interior Products/Handle Metal/20220721_202734.jpg
✓ Thumbnail: Customized Interior Products/Handle Metal/20220721_202734-thumb.jpg
[62/311] Processing: Customized Interior Products/Handle Metal/20251002_144442.jpg
✓ Watermarked: Customized Interior Products/Handle Metal/20251002_144442.jpg
✓ Thumbnail: Customized Interior Products/Handle Metal/20251002_144442-thumb.jpg
[63/311] Processing: Customized Interior Products/Handle Metal/20240619_175017.jpg
✓ Watermarked: Customized Interior Products/Handle Metal/20240619_175017.jpg
✓ Thumbnail: Customized Interior Products/Handle Metal/20240619_175017-thumb.jpg
[64/311] Processing: Customized Interior Products/Handle Metal/20230911_112505.jpg
✓ Watermarked: Customized Interior Products/Handle Metal/20230911_112505.jpg
✓ Thumbnail: Customized Interior Products/Handle Metal/20230911_112505-thumb.jpg
[65/311] Processing: Customized Interior Products/Handle Metal/20240619_174948.jpg
✓ Watermarked: Customized Interior Products/Handle Metal/20240619_174948.jpg
✓ Thumbnail: Customized Interior Products/Handle Metal/20240619_174948-thumb.jpg
[66/311] Processing: Customized Interior Products/Mandir Part 3/20240928_174149.jpg
✓ Watermarked: Customized Interior Products/Mandir Part 3/20240928_174149.jpg
✓ Thumbnail: Customized Interior Products/Mandir Part 3/20240928_174149-thumb.jpg
[67/311] Processing: Customized Interior Products/Mandir Part 3/20250618_114420.jpg
✓ Watermarked: Customized Interior Products/Mandir Part 3/20250618_114420.jpg
✓ Thumbnail: Customized Interior Products/Mandir Part 3/20250618_114420-thumb.jpg
[68/311] Processing: Customized Interior Products/Mandir Part 3/Screenshot_20251010-181809_WhatsApp.jpg
✓ Watermarked: Customized Interior Products/Mandir Part 3/Screenshot_20251010-181809_WhatsApp.jpg
✓ Thumbnail: Customized Interior Products/Mandir Part 3/Screenshot_20251010-181809_WhatsApp-thumb.jpg
[69/311] Processing: Customized Interior Products/Mandir Part 3/20250618_114845.jpg
✓ Watermarked: Customized Interior Products/Mandir Part 3/20250618_114845.jpg
✓ Thumbnail: Customized Interior Products/Mandir Part 3/20250618_114845-thumb.jpg
[70/311] Processing: Customized Interior Products/Mandir Part 3/20240703_113203.jpg
✓ Watermarked: Customized Interior Products/Mandir Part 3/20240703_113203.jpg
✓ Thumbnail: Customized Interior Products/Mandir Part 3/20240703_113203-thumb.jpg
[71/311] Processing: Customized Interior Products/Mandir Part 3/20250618_114857.jpg
✓ Watermarked: Customized Interior Products/Mandir Part 3/20250618_114857.jpg
✓ Thumbnail: Customized Interior Products/Mandir Part 3/20250618_114857-thumb.jpg
[72/311] Processing: Customized Interior Products/Mandir Part 3/20251008_104111.jpg
✓ Watermarked: Customized Interior Products/Mandir Part 3/20251008_104111.jpg
✓ Thumbnail: Customized Interior Products/Mandir Part 3/20251008_104111-thumb.jpg
[73/311] Processing: Customized Interior Products/Mandir Part 3/20250920_160705.jpg
✓ Watermarked: Customized Interior Products/Mandir Part 3/20250920_160705.jpg
✓ Thumbnail: Customized Interior Products/Mandir Part 3/20250920_160705-thumb.jpg
[74/311] Processing: Customized Interior Products/Metal Zalli Design/20230411_160614.jpg
✓ Watermarked: Customized Interior Products/Metal Zalli Design/20230411_160614.jpg
✓ Thumbnail: Customized Interior Products/Metal Zalli Design/20230411_160614-thumb.jpg
[75/311] Processing: Customized Interior Products/Metal Zalli Design/20240530_102130.jpg
✓ Watermarked: Customized Interior Products/Metal Zalli Design/20240530_102130.jpg
✓ Thumbnail: Customized Interior Products/Metal Zalli Design/20240530_102130-thumb.jpg
[76/311] Processing: Customized Interior Products/Metal Zalli Design/20241020_111357.jpg
✓ Watermarked: Customized Interior Products/Metal Zalli Design/20241020_111357.jpg
✓ Thumbnail: Customized Interior Products/Metal Zalli Design/20241020_111357-thumb.jpg
[77/311] Processing: Customized Interior Products/Metal Zalli Design/20250430_184509.jpg
✓ Watermarked: Customized Interior Products/Metal Zalli Design/20250430_184509.jpg
✓ Thumbnail: Customized Interior Products/Metal Zalli Design/20250430_184509-thumb.jpg
[78/311] Processing: Customized Interior Products/Metal Zalli Design/e3c5eacc6fc8c91cf78e0989695a5771.jpg
✓ Watermarked: Customized Interior Products/Metal Zalli Design/e3c5eacc6fc8c91cf78e0989695a5771.jpg
✓ Thumbnail: Customized Interior Products/Metal Zalli Design/e3c5eacc6fc8c91cf78e0989695a5771-thumb.jpg
[79/311] Processing: Customized Interior Products/Metal Zalli Design/20240530_102124.jpg
✓ Watermarked: Customized Interior Products/Metal Zalli Design/20240530_102124.jpg
✓ Thumbnail: Customized Interior Products/Metal Zalli Design/20240530_102124-thumb.jpg
[80/311] Processing: Customized Interior Products/Metal Zalli Design/20250506_153255.jpg
✓ Watermarked: Customized Interior Products/Metal Zalli Design/20250506_153255.jpg
✓ Thumbnail: Customized Interior Products/Metal Zalli Design/20250506_153255-thumb.jpg
[81/311] Processing: Customized Interior Products/Metal Zalli Design/20230411_160750.jpg
✓ Watermarked: Customized Interior Products/Metal Zalli Design/20230411_160750.jpg
✓ Thumbnail: Customized Interior Products/Metal Zalli Design/20230411_160750-thumb.jpg
[82/311] Processing: Customized Interior Products/Main Door Concept 1/20211221_095101.jpg
✓ Watermarked: Customized Interior Products/Main Door Concept 1/20211221_095101.jpg
✓ Thumbnail: Customized Interior Products/Main Door Concept 1/20211221_095101-thumb.jpg
[83/311] Processing: Customized Interior Products/Main Door Concept 1/20220721_203422.jpg
✓ Watermarked: Customized Interior Products/Main Door Concept 1/20220721_203422.jpg
✓ Thumbnail: Customized Interior Products/Main Door Concept 1/20220721_203422-thumb.jpg
[84/311] Processing: Customized Interior Products/Main Door Concept 1/20230511_134923.jpg
✓ Watermarked: Customized Interior Products/Main Door Concept 1/20230511_134923.jpg
✓ Thumbnail: Customized Interior Products/Main Door Concept 1/20230511_134923-thumb.jpg
[85/311] Processing: Customized Interior Products/Name Plate/20250618_104834.jpg
✓ Watermarked: Customized Interior Products/Name Plate/20250618_104834.jpg
✓ Thumbnail: Customized Interior Products/Name Plate/20250618_104834-thumb.jpg
[86/311] Processing: Customized Interior Products/Name Plate/20240221_113359.jpg
✓ Watermarked: Customized Interior Products/Name Plate/20240221_113359.jpg
✓ Thumbnail: Customized Interior Products/Name Plate/20240221_113359-thumb.jpg
[87/311] Processing: Customized Interior Products/Name Plate/IMG-20250530-WA0017.jpg
✓ Watermarked: Customized Interior Products/Name Plate/IMG-20250530-WA0017.jpg
✓ Thumbnail: Customized Interior Products/Name Plate/IMG-20250530-WA0017-thumb.jpg
[88/311] Processing: Customized Interior Products/Name Plate/20250131_194732.jpg
✓ Watermarked: Customized Interior Products/Name Plate/20250131_194732.jpg
✓ Thumbnail: Customized Interior Products/Name Plate/20250131_194732-thumb.jpg
[89/311] Processing: Customized Interior Products/Name Plate/20220610_173034.jpg
✓ Watermarked: Customized Interior Products/Name Plate/20220610_173034.jpg
✓ Thumbnail: Customized Interior Products/Name Plate/20220610_173034-thumb.jpg
[90/311] Processing: Customized Interior Products/Name Plate/Screenshot_20240222-162705_WhatsApp.jpg
✓ Watermarked: Customized Interior Products/Name Plate/Screenshot_20240222-162705_WhatsApp.jpg
✓ Thumbnail: Customized Interior Products/Name Plate/Screenshot_20240222-162705_WhatsApp-thumb.jpg
[91/311] Processing: Customized Interior Products/Name Plate/20241120_211244.jpg
✓ Watermarked: Customized Interior Products/Name Plate/20241120_211244.jpg
✓ Thumbnail: Customized Interior Products/Name Plate/20241120_211244-thumb.jpg
[92/311] Processing: Customized Interior Products/Name Plate/20250430_184322.jpg
✓ Watermarked: Customized Interior Products/Name Plate/20250430_184322.jpg
✓ Thumbnail: Customized Interior Products/Name Plate/20250430_184322-thumb.jpg
[93/311] Processing: Customized Interior Products/Name Plate/20230630_134054.jpg
✓ Watermarked: Customized Interior Products/Name Plate/20230630_134054.jpg
✓ Thumbnail: Customized Interior Products/Name Plate/20230630_134054-thumb.jpg
[94/311] Processing: Customized Interior Products/Name Plate/20230418_165836.jpg
✓ Watermarked: Customized Interior Products/Name Plate/20230418_165836.jpg
✓ Thumbnail: Customized Interior Products/Name Plate/20230418_165836-thumb.jpg
[95/311] Processing: Customized Interior Products/Name Plate/20230502_135532.jpg
✓ Watermarked: Customized Interior Products/Name Plate/20230502_135532.jpg
✓ Thumbnail: Customized Interior Products/Name Plate/20230502_135532-thumb.jpg
[96/311] Processing: Customized Interior Products/Name Plate/20250514_122906.jpg
✓ Watermarked: Customized Interior Products/Name Plate/20250514_122906.jpg
✓ Thumbnail: Customized Interior Products/Name Plate/20250514_122906-thumb.jpg
[97/311] Processing: Customized Interior Products/Name Plate/20240604_122311.jpg
✓ Watermarked: Customized Interior Products/Name Plate/20240604_122311.jpg
✓ Thumbnail: Customized Interior Products/Name Plate/20240604_122311-thumb.jpg
[98/311] Processing: Customized Interior Products/Name Plate/20240619_153738.jpg
✓ Watermarked: Customized Interior Products/Name Plate/20240619_153738.jpg
✓ Thumbnail: Customized Interior Products/Name Plate/20240619_153738-thumb.jpg
[99/311] Processing: Customized Interior Products/Name Plate/IMG-20250930-WA0016.jpg
✓ Watermarked: Customized Interior Products/Name Plate/IMG-20250930-WA0016.jpg
✓ Thumbnail: Customized Interior Products/Name Plate/IMG-20250930-WA0016-thumb.jpg
[100/311] Processing: Customized Interior Products/Name Plate/20250430_184454.jpg
✓ Watermarked: Customized Interior Products/Name Plate/20250430_184454.jpg
✓ Thumbnail: Customized Interior Products/Name Plate/20250430_184454-thumb.jpg
[101/311] Processing: Customized Interior Products/Name Plate/20230920_113832.jpg
✓ Watermarked: Customized Interior Products/Name Plate/20230920_113832.jpg
✓ Thumbnail: Customized Interior Products/Name Plate/20230920_113832-thumb.jpg
[102/311] Processing: Customized Interior Products/Name Plate/20251113_185052.jpg
✓ Watermarked: Customized Interior Products/Name Plate/20251113_185052.jpg
✓ Thumbnail: Customized Interior Products/Name Plate/20251113_185052-thumb.jpg
[103/311] Processing: Customized Interior Products/Name Plate/20251119_105414.jpg
✓ Watermarked: Customized Interior Products/Name Plate/20251119_105414.jpg
✓ Thumbnail: Customized Interior Products/Name Plate/20251119_105414-thumb.jpg
[104/311] Processing: Customized Interior Products/Name Plate/20250514_122921.jpg
✓ Watermarked: Customized Interior Products/Name Plate/20250514_122921.jpg
✓ Thumbnail: Customized Interior Products/Name Plate/20250514_122921-thumb.jpg
[105/311] Processing: Customized Interior Products/Name Plate/20230617_213951.jpg
✓ Watermarked: Customized Interior Products/Name Plate/20230617_213951.jpg
✓ Thumbnail: Customized Interior Products/Name Plate/20230617_213951-thumb.jpg
[106/311] Processing: Customized Interior Products/Mandir Part 1/20230801_142645.jpg
✓ Watermarked: Customized Interior Products/Mandir Part 1/20230801_142645.jpg
✓ Thumbnail: Customized Interior Products/Mandir Part 1/20230801_142645-thumb.jpg
[107/311] Processing: Customized Interior Products/Mandir Part 1/20230222_175942.jpg
✓ Watermarked: Customized Interior Products/Mandir Part 1/20230222_175942.jpg
✓ Thumbnail: Customized Interior Products/Mandir Part 1/20230222_175942-thumb.jpg
[108/311] Processing: Customized Interior Products/Mandir Part 1/20230729_145522.jpg
✓ Watermarked: Customized Interior Products/Mandir Part 1/20230729_145522.jpg
✓ Thumbnail: Customized Interior Products/Mandir Part 1/20230729_145522-thumb.jpg
[109/311] Processing: Customized Interior Products/Mandir Part 1/20230617_211334.jpg
✓ Watermarked: Customized Interior Products/Mandir Part 1/20230617_211334.jpg
✓ Thumbnail: Customized Interior Products/Mandir Part 1/20230617_211334-thumb.jpg
[110/311] Processing: Customized Interior Products/Mandir Part 1/20231107_151333.jpg
✓ Watermarked: Customized Interior Products/Mandir Part 1/20231107_151333.jpg
✓ Thumbnail: Customized Interior Products/Mandir Part 1/20231107_151333-thumb.jpg
[111/311] Processing: Customized Interior Products/Mandir Part 1/20230129_125115.jpg
✓ Watermarked: Customized Interior Products/Mandir Part 1/20230129_125115.jpg
✓ Thumbnail: Customized Interior Products/Mandir Part 1/20230129_125115-thumb.jpg
[112/311] Processing: Customized Interior Products/Mandir Part 1/20230222_175952 (1)gg.jpg
✓ Watermarked: Customized Interior Products/Mandir Part 1/20230222_175952 (1)gg.jpg
✓ Thumbnail: Customized Interior Products/Mandir Part 1/20230222_175952 (1)gg-thumb.jpg
[113/311] Processing: Customized Interior Products/Mandir Part 1/20230608_154050.jpg
✓ Watermarked: Customized Interior Products/Mandir Part 1/20230608_154050.jpg
✓ Thumbnail: Customized Interior Products/Mandir Part 1/20230608_154050-thumb.jpg
[114/311] Processing: Customized Interior Products/Moulding/1485e0e3f8558e8f963a11d234d2a486.jpg
✓ Watermarked: Customized Interior Products/Moulding/1485e0e3f8558e8f963a11d234d2a486.jpg
✓ Thumbnail: Customized Interior Products/Moulding/1485e0e3f8558e8f963a11d234d2a486-thumb.jpg
[115/311] Processing: Customized Interior Products/Moulding/4e2a246e6ccc5533eb14d32d3dcff2c5.jpg
✓ Watermarked: Customized Interior Products/Moulding/4e2a246e6ccc5533eb14d32d3dcff2c5.jpg
✓ Thumbnail: Customized Interior Products/Moulding/4e2a246e6ccc5533eb14d32d3dcff2c5-thumb.jpg
[116/311] Processing: Customized Interior Products/Moulding/c4d5c7a60760154ecd0f41b4f425a97d.jpg
✓ Watermarked: Customized Interior Products/Moulding/c4d5c7a60760154ecd0f41b4f425a97d.jpg
✓ Thumbnail: Customized Interior Products/Moulding/c4d5c7a60760154ecd0f41b4f425a97d-thumb.jpg
[117/311] Processing: Customized Interior Products/Moulding/20220506_173714.jpg
✓ Watermarked: Customized Interior Products/Moulding/20220506_173714.jpg
✓ Thumbnail: Customized Interior Products/Moulding/20220506_173714-thumb.jpg
[118/311] Processing: Customized Interior Products/Moulding/00bce27b1038848b5918455964f309cd.jpg
✓ Watermarked: Customized Interior Products/Moulding/00bce27b1038848b5918455964f309cd.jpg
✓ Thumbnail: Customized Interior Products/Moulding/00bce27b1038848b5918455964f309cd-thumb.jpg
[119/311] Processing: Customized Interior Products/Moulding/FB_IMG_1613148048099.jpg
✓ Watermarked: Customized Interior Products/Moulding/FB_IMG_1613148048099.jpg
✓ Thumbnail: Customized Interior Products/Moulding/FB_IMG_1613148048099-thumb.jpg
[120/311] Processing: Customized Interior Products/Moulding/461d6e86c1e3ee6ef3058eecd79dcf72.jpg
✓ Watermarked: Customized Interior Products/Moulding/461d6e86c1e3ee6ef3058eecd79dcf72.jpg
✓ Thumbnail: Customized Interior Products/Moulding/461d6e86c1e3ee6ef3058eecd79dcf72-thumb.jpg
[121/311] Processing: Customized Interior Products/Moulding/20220506_173236.jpg
✓ Watermarked: Customized Interior Products/Moulding/20220506_173236.jpg
✓ Thumbnail: Customized Interior Products/Moulding/20220506_173236-thumb.jpg
[122/311] Processing: Customized Interior Products/Moulding/71ceac455910ec0eb6772c9d9e9e61e3.jpg
✓ Watermarked: Customized Interior Products/Moulding/71ceac455910ec0eb6772c9d9e9e61e3.jpg
✓ Thumbnail: Customized Interior Products/Moulding/71ceac455910ec0eb6772c9d9e9e61e3-thumb.jpg
[123/311] Processing: Customized Interior Products/Moulding/FB_IMG_1612440578359.jpg
✓ Watermarked: Customized Interior Products/Moulding/FB_IMG_1612440578359.jpg
✓ Thumbnail: Customized Interior Products/Moulding/FB_IMG_1612440578359-thumb.jpg
[124/311] Processing: Customized Interior Products/Moulding/f74b3c6f935ff47a264d5276e413e423.jpg
✓ Watermarked: Customized Interior Products/Moulding/f74b3c6f935ff47a264d5276e413e423.jpg
✓ Thumbnail: Customized Interior Products/Moulding/f74b3c6f935ff47a264d5276e413e423-thumb.jpg
[125/311] Processing: Customized Interior Products/Moulding/FB_IMG_1612440590538.jpg
✓ Watermarked: Customized Interior Products/Moulding/FB_IMG_1612440590538.jpg
✓ Thumbnail: Customized Interior Products/Moulding/FB_IMG_1612440590538-thumb.jpg
[126/311] Processing: Customized Interior Products/Moulding/FB_IMG_1613148033863.jpg
✓ Watermarked: Customized Interior Products/Moulding/FB_IMG_1613148033863.jpg
✓ Thumbnail: Customized Interior Products/Moulding/FB_IMG_1613148033863-thumb.jpg
[127/311] Processing: Customized Interior Products/Moulding/2f3c180bd673a87c321de89d06837b88.jpg
✓ Watermarked: Customized Interior Products/Moulding/2f3c180bd673a87c321de89d06837b88.jpg
✓ Thumbnail: Customized Interior Products/Moulding/2f3c180bd673a87c321de89d06837b88-thumb.jpg
[128/311] Processing: Customized Interior Products/Moulding/f9a9f427a669a61b8113c9f1494d7835.jpg
✓ Watermarked: Customized Interior Products/Moulding/f9a9f427a669a61b8113c9f1494d7835.jpg
✓ Thumbnail: Customized Interior Products/Moulding/f9a9f427a669a61b8113c9f1494d7835-thumb.jpg
[129/311] Processing: Customized Interior Products/Moulding/233a9be7a747c3000ac51e1559510433.jpg
✓ Watermarked: Customized Interior Products/Moulding/233a9be7a747c3000ac51e1559510433.jpg
✓ Thumbnail: Customized Interior Products/Moulding/233a9be7a747c3000ac51e1559510433-thumb.jpg
[130/311] Processing: Customized Interior Products/Moulding/20220506_173704.jpg
✓ Watermarked: Customized Interior Products/Moulding/20220506_173704.jpg
✓ Thumbnail: Customized Interior Products/Moulding/20220506_173704-thumb.jpg
[131/311] Processing: Customized Interior Products/Moulding/FB_IMG_1613148022876.jpg
✓ Watermarked: Customized Interior Products/Moulding/FB_IMG_1613148022876.jpg
✓ Thumbnail: Customized Interior Products/Moulding/FB_IMG_1613148022876-thumb.jpg
[132/311] Processing: Customized Interior Products/Moulding/20220506_174557.jpg
✓ Watermarked: Customized Interior Products/Moulding/20220506_174557.jpg
✓ Thumbnail: Customized Interior Products/Moulding/20220506_174557-thumb.jpg
[133/311] Processing: Customized Interior Products/Moulding/20220506_173638.jpg
✓ Watermarked: Customized Interior Products/Moulding/20220506_173638.jpg
✓ Thumbnail: Customized Interior Products/Moulding/20220506_173638-thumb.jpg
[134/311] Processing: Customized Interior Products/Moulding/ff845962e53792d2e8b1b004b1bea586.jpg
✓ Watermarked: Customized Interior Products/Moulding/ff845962e53792d2e8b1b004b1bea586.jpg
✓ Thumbnail: Customized Interior Products/Moulding/ff845962e53792d2e8b1b004b1bea586-thumb.jpg
[135/311] Processing: Customized Interior Products/Moulding/c2b1b18f73954737afef58eb83b1f633.jpg
✓ Watermarked: Customized Interior Products/Moulding/c2b1b18f73954737afef58eb83b1f633.jpg
✓ Thumbnail: Customized Interior Products/Moulding/c2b1b18f73954737afef58eb83b1f633-thumb.jpg
[136/311] Processing: Customized Interior Products/Moulding/698b35a13cf898caedc588c89f070c9f.jpg
✓ Watermarked: Customized Interior Products/Moulding/698b35a13cf898caedc588c89f070c9f.jpg
✓ Thumbnail: Customized Interior Products/Moulding/698b35a13cf898caedc588c89f070c9f-thumb.jpg
[137/311] Processing: Customized Interior Products/Moulding/4397f089ca24f4b585a5c8ac3cd93fbd.jpg
✓ Watermarked: Customized Interior Products/Moulding/4397f089ca24f4b585a5c8ac3cd93fbd.jpg
✓ Thumbnail: Customized Interior Products/Moulding/4397f089ca24f4b585a5c8ac3cd93fbd-thumb.jpg
[138/311] Processing: Customized Interior Products/Moulding/FB_IMG_1613148029523.jpg
✓ Watermarked: Customized Interior Products/Moulding/FB_IMG_1613148029523.jpg
✓ Thumbnail: Customized Interior Products/Moulding/FB_IMG_1613148029523-thumb.jpg
[139/311] Processing: Customized Interior Products/Moulding/20220506_173212.jpg
✓ Watermarked: Customized Interior Products/Moulding/20220506_173212.jpg
✓ Thumbnail: Customized Interior Products/Moulding/20220506_173212-thumb.jpg
[140/311] Processing: Customized Interior Products/Moulding/20220506_173618.jpg
✓ Watermarked: Customized Interior Products/Moulding/20220506_173618.jpg
✓ Thumbnail: Customized Interior Products/Moulding/20220506_173618-thumb.jpg
[141/311] Processing: Customized Interior Products/Moulding/ae1f876e7fa2a7054948ab3634ab0105.jpg
✓ Watermarked: Customized Interior Products/Moulding/ae1f876e7fa2a7054948ab3634ab0105.jpg
✓ Thumbnail: Customized Interior Products/Moulding/ae1f876e7fa2a7054948ab3634ab0105-thumb.jpg
[142/311] Processing: Customized Interior Products/Moulding/FB_IMG_1613148050867.jpg
✓ Watermarked: Customized Interior Products/Moulding/FB_IMG_1613148050867.jpg
✓ Thumbnail: Customized Interior Products/Moulding/FB_IMG_1613148050867-thumb.jpg
[143/311] Processing: Customized Interior Products/Moulding/e1dfa59a96aea0038f80bf6657583cf4.jpg
✓ Watermarked: Customized Interior Products/Moulding/e1dfa59a96aea0038f80bf6657583cf4.jpg
✓ Thumbnail: Customized Interior Products/Moulding/e1dfa59a96aea0038f80bf6657583cf4-thumb.jpg
[144/311] Processing: Customized Interior Products/Moulding/20220506_173648.jpg
✓ Watermarked: Customized Interior Products/Moulding/20220506_173648.jpg
✓ Thumbnail: Customized Interior Products/Moulding/20220506_173648-thumb.jpg
[145/311] Processing: Customized Interior Products/Moulding/c5fa021385e3d48a5c0043e0f1ffb7f3.jpg
✓ Watermarked: Customized Interior Products/Moulding/c5fa021385e3d48a5c0043e0f1ffb7f3.jpg
✓ Thumbnail: Customized Interior Products/Moulding/c5fa021385e3d48a5c0043e0f1ffb7f3-thumb.jpg
[146/311] Processing: Customized Interior Products/Moulding/20220506_174655.jpg
✓ Watermarked: Customized Interior Products/Moulding/20220506_174655.jpg
✓ Thumbnail: Customized Interior Products/Moulding/20220506_174655-thumb.jpg
[147/311] Processing: Customized Interior Products/Moulding/6a4ea4d5e6c431d79fd69b12c853f1cf.jpg
✓ Watermarked: Customized Interior Products/Moulding/6a4ea4d5e6c431d79fd69b12c853f1cf.jpg
✓ Thumbnail: Customized Interior Products/Moulding/6a4ea4d5e6c431d79fd69b12c853f1cf-thumb.jpg
[148/311] Processing: Customized Interior Products/Moulding/e6e96e8098c266cc4e844b0da579583f.jpg
✓ Watermarked: Customized Interior Products/Moulding/e6e96e8098c266cc4e844b0da579583f.jpg
✓ Thumbnail: Customized Interior Products/Moulding/e6e96e8098c266cc4e844b0da579583f-thumb.jpg
[149/311] Processing: Customized Interior Products/Moulding/5079fd4060fe13c7e1d4afa830d1fa4c.jpg
✓ Watermarked: Customized Interior Products/Moulding/5079fd4060fe13c7e1d4afa830d1fa4c.jpg
✓ Thumbnail: Customized Interior Products/Moulding/5079fd4060fe13c7e1d4afa830d1fa4c-thumb.jpg
[150/311] Processing: Customized Interior Products/Moulding/20220506_175406.jpg
✓ Watermarked: Customized Interior Products/Moulding/20220506_175406.jpg
✓ Thumbnail: Customized Interior Products/Moulding/20220506_175406-thumb.jpg
[151/311] Processing: Customized Interior Products/Moulding/9775c635d5fa5bbe6a2ebe85a13d8079.jpg
✓ Watermarked: Customized Interior Products/Moulding/9775c635d5fa5bbe6a2ebe85a13d8079.jpg
✓ Thumbnail: Customized Interior Products/Moulding/9775c635d5fa5bbe6a2ebe85a13d8079-thumb.jpg
[152/311] Processing: Customized Interior Products/Moulding/c165c0344cbfcadc0e975a4deab5692b.jpg
✓ Watermarked: Customized Interior Products/Moulding/c165c0344cbfcadc0e975a4deab5692b.jpg
✓ Thumbnail: Customized Interior Products/Moulding/c165c0344cbfcadc0e975a4deab5692b-thumb.jpg
[153/311] Processing: Customized Interior Products/Moulding/20220506_173528.jpg
✓ Watermarked: Customized Interior Products/Moulding/20220506_173528.jpg
✓ Thumbnail: Customized Interior Products/Moulding/20220506_173528-thumb.jpg
[154/311] Processing: Customized Interior Products/Moulding/46aee8409ff970bcff0eb34659cc4849.jpg
✓ Watermarked: Customized Interior Products/Moulding/46aee8409ff970bcff0eb34659cc4849.jpg
✓ Thumbnail: Customized Interior Products/Moulding/46aee8409ff970bcff0eb34659cc4849-thumb.jpg
[155/311] Processing: Customized Interior Products/Moulding/20220506_173608.jpg
✓ Watermarked: Customized Interior Products/Moulding/20220506_173608.jpg
✓ Thumbnail: Customized Interior Products/Moulding/20220506_173608-thumb.jpg
[156/311] Processing: Customized Interior Products/Moulding/FB_IMG_1613148035922.jpg
✓ Watermarked: Customized Interior Products/Moulding/FB_IMG_1613148035922.jpg
✓ Thumbnail: Customized Interior Products/Moulding/FB_IMG_1613148035922-thumb.jpg
[157/311] Processing: Customized Interior Products/Fluted Panel 3/d50957fbefb318557ddfb763a97bca19.jpg
✓ Watermarked: Customized Interior Products/Fluted Panel 3/d50957fbefb318557ddfb763a97bca19.jpg
✓ Thumbnail: Customized Interior Products/Fluted Panel 3/d50957fbefb318557ddfb763a97bca19-thumb.jpg
[158/311] Processing: Customized Interior Products/Fluted Panel 3/20220506_173316.jpg
✓ Watermarked: Customized Interior Products/Fluted Panel 3/20220506_173316.jpg
✓ Thumbnail: Customized Interior Products/Fluted Panel 3/20220506_173316-thumb.jpg
[159/311] Processing: Customized Interior Products/Fluted Panel 3/20220621_113659.jpg
✓ Watermarked: Customized Interior Products/Fluted Panel 3/20220621_113659.jpg
✓ Thumbnail: Customized Interior Products/Fluted Panel 3/20220621_113659-thumb.jpg
[160/311] Processing: Customized Interior Products/Fluted Panel 3/20220506_173554.jpg
✓ Watermarked: Customized Interior Products/Fluted Panel 3/20220506_173554.jpg
✓ Thumbnail: Customized Interior Products/Fluted Panel 3/20220506_173554-thumb.jpg
[161/311] Processing: Customized Interior Products/Metal Ceiling/20250506_160739.jpg
✓ Watermarked: Customized Interior Products/Metal Ceiling/20250506_160739.jpg
✓ Thumbnail: Customized Interior Products/Metal Ceiling/20250506_160739-thumb.jpg
[162/311] Processing: Customized Interior Products/Metal Ceiling/20251002_144523.jpg
✓ Watermarked: Customized Interior Products/Metal Ceiling/20251002_144523.jpg
✓ Thumbnail: Customized Interior Products/Metal Ceiling/20251002_144523-thumb.jpg
[163/311] Processing: Customized Interior Products/Metal Ceiling/20250619_144037.jpg
✓ Watermarked: Customized Interior Products/Metal Ceiling/20250619_144037.jpg
✓ Thumbnail: Customized Interior Products/Metal Ceiling/20250619_144037-thumb.jpg
[164/311] Processing: Customized Interior Products/TV Socket Design/20250506_153220.jpg
✓ Watermarked: Customized Interior Products/TV Socket Design/20250506_153220.jpg
✓ Thumbnail: Customized Interior Products/TV Socket Design/20250506_153220-thumb.jpg
[165/311] Processing: Customized Interior Products/TV Socket Design/20250506_153636.jpg
✓ Watermarked: Customized Interior Products/TV Socket Design/20250506_153636.jpg
✓ Thumbnail: Customized Interior Products/TV Socket Design/20250506_153636-thumb.jpg
[166/311] Processing: Customized Interior Products/TV Socket Design/20250618_114253.jpg
✓ Watermarked: Customized Interior Products/TV Socket Design/20250618_114253.jpg
✓ Thumbnail: Customized Interior Products/TV Socket Design/20250618_114253-thumb.jpg
[167/311] Processing: Customized Interior Products/TV Socket Design/20250430_184958.jpg
✓ Watermarked: Customized Interior Products/TV Socket Design/20250430_184958.jpg
✓ Thumbnail: Customized Interior Products/TV Socket Design/20250430_184958-thumb.jpg
[168/311] Processing: Customized Interior Products/TV Socket Design/20241020_111249.jpg
✓ Watermarked: Customized Interior Products/TV Socket Design/20241020_111249.jpg
✓ Thumbnail: Customized Interior Products/TV Socket Design/20241020_111249-thumb.jpg
[169/311] Processing: Customized Interior Products/TV Socket Design/20250506_153642.jpg
✓ Watermarked: Customized Interior Products/TV Socket Design/20250506_153642.jpg
✓ Thumbnail: Customized Interior Products/TV Socket Design/20250506_153642-thumb.jpg
[170/311] Processing: Customized Interior Products/Handle Round Wooden/Handle consile.jpg
✓ Watermarked: Customized Interior Products/Handle Round Wooden/Handle consile.jpg
✓ Thumbnail: Customized Interior Products/Handle Round Wooden/Handle consile-thumb.jpg
[171/311] Processing: Customized Interior Products/Handle Round Wooden/IMG_20210922_220727_136.jpg
✓ Watermarked: Customized Interior Products/Handle Round Wooden/IMG_20210922_220727_136.jpg
✓ Thumbnail: Customized Interior Products/Handle Round Wooden/IMG_20210922_220727_136-thumb.jpg
[172/311] Processing: Customized Interior Products/Handle Round Wooden/IMG-20190410-WA0020.jpg
✓ Watermarked: Customized Interior Products/Handle Round Wooden/IMG-20190410-WA0020.jpg
✓ Thumbnail: Customized Interior Products/Handle Round Wooden/IMG-20190410-WA0020-thumb.jpg
[173/311] Processing: Customized Interior Products/Handle Round Wooden/IMG-20190410-WA0022.jpg
✓ Watermarked: Customized Interior Products/Handle Round Wooden/IMG-20190410-WA0022.jpg
✓ Thumbnail: Customized Interior Products/Handle Round Wooden/IMG-20190410-WA0022-thumb.jpg
[174/311] Processing: Customized Interior Products/Handle Round Wooden/IMG_20210922_220542_072.jpg
✓ Watermarked: Customized Interior Products/Handle Round Wooden/IMG_20210922_220542_072.jpg
✓ Thumbnail: Customized Interior Products/Handle Round Wooden/IMG_20210922_220542_072-thumb.jpg
[175/311] Processing: Customized Interior Products/Metal Extra Work/20251002_145115.jpg
✓ Watermarked: Customized Interior Products/Metal Extra Work/20251002_145115.jpg
✓ Thumbnail: Customized Interior Products/Metal Extra Work/20251002_145115-thumb.jpg
[176/311] Processing: Customized Interior Products/Metal Extra Work/Screenshot_20230325-200433_Instagram.jpg
✓ Watermarked: Customized Interior Products/Metal Extra Work/Screenshot_20230325-200433_Instagram.jpg
✓ Thumbnail: Customized Interior Products/Metal Extra Work/Screenshot_20230325-200433_Instagram-thumb.jpg
[177/311] Processing: Customized Interior Products/Metal Extra Work/20251002_144913.jpg
✓ Watermarked: Customized Interior Products/Metal Extra Work/20251002_144913.jpg
✓ Thumbnail: Customized Interior Products/Metal Extra Work/20251002_144913-thumb.jpg
[178/311] Processing: Customized Interior Products/Metal Extra Work/20250618_111811.jpg
✓ Watermarked: Customized Interior Products/Metal Extra Work/20250618_111811.jpg
✓ Thumbnail: Customized Interior Products/Metal Extra Work/20250618_111811-thumb.jpg
[179/311] Processing: Customized Interior Products/Metal Extra Work/Screenshot_20220616-135625_WhatsApp.jpg
✓ Watermarked: Customized Interior Products/Metal Extra Work/Screenshot_20220616-135625_WhatsApp.jpg
✓ Thumbnail: Customized Interior Products/Metal Extra Work/Screenshot_20220616-135625_WhatsApp-thumb.jpg
[180/311] Processing: Customized Interior Products/Metal Extra Work/20250430_184148.jpg
✓ Watermarked: Customized Interior Products/Metal Extra Work/20250430_184148.jpg
✓ Thumbnail: Customized Interior Products/Metal Extra Work/20250430_184148-thumb.jpg
[181/311] Processing: Customized Interior Products/Metal Extra Work/20250430_184028.jpg
✓ Watermarked: Customized Interior Products/Metal Extra Work/20250430_184028.jpg
✓ Thumbnail: Customized Interior Products/Metal Extra Work/20250430_184028-thumb.jpg
[182/311] Processing: Customized Interior Products/Metal Extra Work/20250618_114509.jpg
✓ Watermarked: Customized Interior Products/Metal Extra Work/20250618_114509.jpg
✓ Thumbnail: Customized Interior Products/Metal Extra Work/20250618_114509-thumb.jpg
[183/311] Processing: Customized Interior Products/Metal Extra Work/20251002_144925.jpg
✓ Watermarked: Customized Interior Products/Metal Extra Work/20251002_144925.jpg
✓ Thumbnail: Customized Interior Products/Metal Extra Work/20251002_144925-thumb.jpg
[184/311] Processing: Customized Interior Products/Metal Extra Work/20251002_144943.jpg
✓ Watermarked: Customized Interior Products/Metal Extra Work/20251002_144943.jpg
✓ Thumbnail: Customized Interior Products/Metal Extra Work/20251002_144943-thumb.jpg
[185/311] Processing: Customized Interior Products/Metal Extra Work/Screenshot_20231108-155153_Instagram.jpg
✓ Watermarked: Customized Interior Products/Metal Extra Work/Screenshot_20231108-155153_Instagram.jpg
✓ Thumbnail: Customized Interior Products/Metal Extra Work/Screenshot_20231108-155153_Instagram-thumb.jpg
[186/311] Processing: Customized Interior Products/Metal Extra Work/20250618_111147.jpg
✓ Watermarked: Customized Interior Products/Metal Extra Work/20250618_111147.jpg
✓ Thumbnail: Customized Interior Products/Metal Extra Work/20250618_111147-thumb.jpg
[187/311] Processing: Customized Interior Products/Wall 3D Art/FB_IMG_1612440567690.jpg
✓ Watermarked: Customized Interior Products/Wall 3D Art/FB_IMG_1612440567690.jpg
✓ Thumbnail: Customized Interior Products/Wall 3D Art/FB_IMG_1612440567690-thumb.jpg
[188/311] Processing: Customized Interior Products/Wall 3D Art/78c95c396d46f8b286c6e1743b8b50ec.jpg
✓ Watermarked: Customized Interior Products/Wall 3D Art/78c95c396d46f8b286c6e1743b8b50ec.jpg
✓ Thumbnail: Customized Interior Products/Wall 3D Art/78c95c396d46f8b286c6e1743b8b50ec-thumb.jpg
[189/311] Processing: Customized Interior Products/Wall 3D Art/FB_IMG_1613148027301.jpg
✓ Watermarked: Customized Interior Products/Wall 3D Art/FB_IMG_1613148027301.jpg
✓ Thumbnail: Customized Interior Products/Wall 3D Art/FB_IMG_1613148027301-thumb.jpg
[190/311] Processing: Customized Interior Products/Wall 3D Art/20250211_171525.jpg
✓ Watermarked: Customized Interior Products/Wall 3D Art/20250211_171525.jpg
✓ Thumbnail: Customized Interior Products/Wall 3D Art/20250211_171525-thumb.jpg
[191/311] Processing: Customized Interior Products/Wall 3D Art/20e6d7f4000c6a000ed1ba2d69f63b4c.jpg
✓ Watermarked: Customized Interior Products/Wall 3D Art/20e6d7f4000c6a000ed1ba2d69f63b4c.jpg
✓ Thumbnail: Customized Interior Products/Wall 3D Art/20e6d7f4000c6a000ed1ba2d69f63b4c-thumb.jpg
[192/311] Processing: Customized Interior Products/Wall 3D Art/fea8fe54673a7a88b6bbc1664c4a5879.jpg
✓ Watermarked: Customized Interior Products/Wall 3D Art/fea8fe54673a7a88b6bbc1664c4a5879.jpg
✓ Thumbnail: Customized Interior Products/Wall 3D Art/fea8fe54673a7a88b6bbc1664c4a5879-thumb.jpg
[193/311] Processing: Customized Interior Products/Mandir Part 2/20231203_131810.jpg
✓ Watermarked: Customized Interior Products/Mandir Part 2/20231203_131810.jpg
✓ Thumbnail: Customized Interior Products/Mandir Part 2/20231203_131810-thumb.jpg
[194/311] Processing: Customized Interior Products/Mandir Part 2/20231203_131819.jpg
✓ Watermarked: Customized Interior Products/Mandir Part 2/20231203_131819.jpg
✓ Thumbnail: Customized Interior Products/Mandir Part 2/20231203_131819-thumb.jpg
[195/311] Processing: Customized Interior Products/Mandir Part 2/20240416_170024.jpg
✓ Watermarked: Customized Interior Products/Mandir Part 2/20240416_170024.jpg
✓ Thumbnail: Customized Interior Products/Mandir Part 2/20240416_170024-thumb.jpg
[196/311] Processing: Customized Interior Products/Mandir Part 2/20240530_103922.jpg
✓ Watermarked: Customized Interior Products/Mandir Part 2/20240530_103922.jpg
✓ Thumbnail: Customized Interior Products/Mandir Part 2/20240530_103922-thumb.jpg
[197/311] Processing: Customized Interior Products/Mandir Part 2/20240410_131733.jpg
✓ Watermarked: Customized Interior Products/Mandir Part 2/20240410_131733.jpg
✓ Thumbnail: Customized Interior Products/Mandir Part 2/20240410_131733-thumb.jpg
[198/311] Processing: Customized Interior Products/Mandir Part 2/20240530_110129.jpg
✓ Watermarked: Customized Interior Products/Mandir Part 2/20240530_110129.jpg
✓ Thumbnail: Customized Interior Products/Mandir Part 2/20240530_110129-thumb.jpg
[199/311] Processing: Customized Interior Products/Mandir Part 2/20240523_162115.jpg
✓ Watermarked: Customized Interior Products/Mandir Part 2/20240523_162115.jpg
✓ Thumbnail: Customized Interior Products/Mandir Part 2/20240523_162115-thumb.jpg
[200/311] Processing: Customized Interior Products/Metal Door/20230630_134030.jpg
✓ Watermarked: Customized Interior Products/Metal Door/20230630_134030.jpg
✓ Thumbnail: Customized Interior Products/Metal Door/20230630_134030-thumb.jpg
[201/311] Processing: Customized Interior Products/Metal Door/20231125_121712.jpg
✓ Watermarked: Customized Interior Products/Metal Door/20231125_121712.jpg
✓ Thumbnail: Customized Interior Products/Metal Door/20231125_121712-thumb.jpg
[202/311] Processing: Customized Interior Products/Metal Door/20230329_181142.jpg
✓ Watermarked: Customized Interior Products/Metal Door/20230329_181142.jpg
✓ Thumbnail: Customized Interior Products/Metal Door/20230329_181142-thumb.jpg
[203/311] Processing: Customized Interior Products/Handle Wooden/20220506_174508.jpg
✓ Watermarked: Customized Interior Products/Handle Wooden/20220506_174508.jpg
✓ Thumbnail: Customized Interior Products/Handle Wooden/20220506_174508-thumb.jpg
[204/311] Processing: Customized Interior Products/Handle Wooden/20230329_150347.jpg
✓ Watermarked: Customized Interior Products/Handle Wooden/20230329_150347.jpg
✓ Thumbnail: Customized Interior Products/Handle Wooden/20230329_150347-thumb.jpg
[205/311] Processing: Customized Interior Products/Handle Wooden/20230211_145118.jpg
✓ Watermarked: Customized Interior Products/Handle Wooden/20230211_145118.jpg
✓ Thumbnail: Customized Interior Products/Handle Wooden/20230211_145118-thumb.jpg
[206/311] Processing: Customized Interior Products/Handle Wooden/20220526_153952.jpg
✓ Watermarked: Customized Interior Products/Handle Wooden/20220526_153952.jpg
✓ Thumbnail: Customized Interior Products/Handle Wooden/20220526_153952-thumb.jpg
[207/311] Processing: Customized Interior Products/Handle Wooden/IMG-20180914-WA0018.jpg
✓ Watermarked: Customized Interior Products/Handle Wooden/IMG-20180914-WA0018.jpg
✓ Thumbnail: Customized Interior Products/Handle Wooden/IMG-20180914-WA0018-thumb.jpg
[208/311] Processing: Customized Interior Products/Handle Wooden/20220506_174141.jpg
✓ Watermarked: Customized Interior Products/Handle Wooden/20220506_174141.jpg
✓ Thumbnail: Customized Interior Products/Handle Wooden/20220506_174141-thumb.jpg
[209/311] Processing: Customized Interior Products/Handle Wooden/20220506_174028.jpg
✓ Watermarked: Customized Interior Products/Handle Wooden/20220506_174028.jpg
✓ Thumbnail: Customized Interior Products/Handle Wooden/20220506_174028-thumb.jpg
[210/311] Processing: Customized Interior Products/Handle Wooden/IMG_20210717_164429_672.jpg
✓ Watermarked: Customized Interior Products/Handle Wooden/IMG_20210717_164429_672.jpg
✓ Thumbnail: Customized Interior Products/Handle Wooden/IMG_20210717_164429_672-thumb.jpg
[211/311] Processing: Customized Interior Products/Main Door Concept 2/20250618_111130.jpg
✓ Watermarked: Customized Interior Products/Main Door Concept 2/20250618_111130.jpg
✓ Thumbnail: Customized Interior Products/Main Door Concept 2/20250618_111130-thumb.jpg
[212/311] Processing: Customized Interior Products/Main Door Concept 2/20230616_191030.jpg
✓ Watermarked: Customized Interior Products/Main Door Concept 2/20230616_191030.jpg
✓ Thumbnail: Customized Interior Products/Main Door Concept 2/20230616_191030-thumb.jpg
[213/311] Processing: Customized Interior Products/Main Door Concept 2/20230329_181121.jpg
✓ Watermarked: Customized Interior Products/Main Door Concept 2/20230329_181121.jpg
✓ Thumbnail: Customized Interior Products/Main Door Concept 2/20230329_181121-thumb.jpg
[214/311] Processing: Customized Interior Products/Main Door Concept 2/20251128_150158.jpg
✓ Watermarked: Customized Interior Products/Main Door Concept 2/20251128_150158.jpg
✓ Thumbnail: Customized Interior Products/Main Door Concept 2/20251128_150158-thumb.jpg
[215/311] Processing: Customized Interior Products/Main Door Concept 2/20220630_080912.jpg
✓ Watermarked: Customized Interior Products/Main Door Concept 2/20220630_080912.jpg
✓ Thumbnail: Customized Interior Products/Main Door Concept 2/20220630_080912-thumb.jpg
[216/311] Processing: Customized Interior Products/Main Door Concept 2/20230329_181142.jpg
✓ Watermarked: Customized Interior Products/Main Door Concept 2/20230329_181142.jpg
✓ Thumbnail: Customized Interior Products/Main Door Concept 2/20230329_181142-thumb.jpg
[217/311] Processing: Customized Interior Products/Main Door Concept 2/20230315_173930.jpg
✓ Watermarked: Customized Interior Products/Main Door Concept 2/20230315_173930.jpg
✓ Thumbnail: Customized Interior Products/Main Door Concept 2/20230315_173930-thumb.jpg
[218/311] Processing: Customized Interior Products/Main Door Concept 2/20230304_172736.jpg
✓ Watermarked: Customized Interior Products/Main Door Concept 2/20230304_172736.jpg
✓ Thumbnail: Customized Interior Products/Main Door Concept 2/20230304_172736-thumb.jpg
[219/311] Processing: Customized Interior Products/Main Door Concept 2/20240416_172049.jpg
✓ Watermarked: Customized Interior Products/Main Door Concept 2/20240416_172049.jpg
✓ Thumbnail: Customized Interior Products/Main Door Concept 2/20240416_172049-thumb.jpg
[220/311] Processing: Customized Interior Products/Main Door Concept 2/20230616_190934.jpg
✓ Watermarked: Customized Interior Products/Main Door Concept 2/20230616_190934.jpg
✓ Thumbnail: Customized Interior Products/Main Door Concept 2/20230616_190934-thumb.jpg
[221/311] Processing: Customized Interior Products/Fluted Panel 1/20220527_150640.jpg
✓ Watermarked: Customized Interior Products/Fluted Panel 1/20220527_150640.jpg
✓ Thumbnail: Customized Interior Products/Fluted Panel 1/20220527_150640-thumb.jpg
[222/311] Processing: Customized Interior Products/Fluted Panel 1/20220527_150513.jpg
✓ Watermarked: Customized Interior Products/Fluted Panel 1/20220527_150513.jpg
✓ Thumbnail: Customized Interior Products/Fluted Panel 1/20220527_150513-thumb.jpg
[223/311] Processing: Customized Interior Products/Fluted Panel 1/20220506_173132.jpg
✓ Watermarked: Customized Interior Products/Fluted Panel 1/20220506_173132.jpg
✓ Thumbnail: Customized Interior Products/Fluted Panel 1/20220506_173132-thumb.jpg
[224/311] Processing: Customized Interior Products/Fluted Panel 1/20220527_150708.jpg
✓ Watermarked: Customized Interior Products/Fluted Panel 1/20220527_150708.jpg
✓ Thumbnail: Customized Interior Products/Fluted Panel 1/20220527_150708-thumb.jpg
[225/311] Processing: Customized Interior Products/Fluted Panel 1/20220527_150735.jpg
✓ Watermarked: Customized Interior Products/Fluted Panel 1/20220527_150735.jpg
✓ Thumbnail: Customized Interior Products/Fluted Panel 1/20220527_150735-thumb.jpg
[226/311] Processing: Customized Interior Products/Chair Chair/f637f280d199f63147a5f63d2b17c7cb.jpg
✓ Watermarked: Customized Interior Products/Chair Chair/f637f280d199f63147a5f63d2b17c7cb.jpg
✓ Thumbnail: Customized Interior Products/Chair Chair/f637f280d199f63147a5f63d2b17c7cb-thumb.jpg
[227/311] Processing: Customized Interior Products/Chair Chair/62e44e4ce739f96c8dbe381163b6c880.jpg
✓ Watermarked: Customized Interior Products/Chair Chair/62e44e4ce739f96c8dbe381163b6c880.jpg
✓ Thumbnail: Customized Interior Products/Chair Chair/62e44e4ce739f96c8dbe381163b6c880-thumb.jpg
[228/311] Processing: Customized Interior Products/Chair Chair/0ebbeb0ce002eceeee90cee342fedb4a.jpg
✓ Watermarked: Customized Interior Products/Chair Chair/0ebbeb0ce002eceeee90cee342fedb4a.jpg
✓ Thumbnail: Customized Interior Products/Chair Chair/0ebbeb0ce002eceeee90cee342fedb4a-thumb.jpg
[229/311] Processing: Customized Interior Products/Chair Chair/8c2d1235928dd04b786d6d713cf0c5a9.jpg
✓ Watermarked: Customized Interior Products/Chair Chair/8c2d1235928dd04b786d6d713cf0c5a9.jpg
✓ Thumbnail: Customized Interior Products/Chair Chair/8c2d1235928dd04b786d6d713cf0c5a9-thumb.jpg
[230/311] Processing: Customized Interior Products/Chair Chair/174eb10b7d99fd420744cfc1ee99c823.jpg
✓ Watermarked: Customized Interior Products/Chair Chair/174eb10b7d99fd420744cfc1ee99c823.jpg
✓ Thumbnail: Customized Interior Products/Chair Chair/174eb10b7d99fd420744cfc1ee99c823-thumb.jpg
[231/311] Processing: Customized Interior Products/Chair Chair/c1743cd9984d47700dc60c09767cac2a.jpg
✓ Watermarked: Customized Interior Products/Chair Chair/c1743cd9984d47700dc60c09767cac2a.jpg
✓ Thumbnail: Customized Interior Products/Chair Chair/c1743cd9984d47700dc60c09767cac2a-thumb.jpg
[232/311] Processing: Customized Interior Products/Chair Chair/0c68c65ac011630009e3b38bf70a7c13.jpg
✓ Watermarked: Customized Interior Products/Chair Chair/0c68c65ac011630009e3b38bf70a7c13.jpg
✓ Thumbnail: Customized Interior Products/Chair Chair/0c68c65ac011630009e3b38bf70a7c13-thumb.jpg
[233/311] Processing: Customized Interior Products/Legs Table/a975886ece7f3b70e40376b312cca8cc.jpg
✓ Watermarked: Customized Interior Products/Legs Table/a975886ece7f3b70e40376b312cca8cc.jpg
✓ Thumbnail: Customized Interior Products/Legs Table/a975886ece7f3b70e40376b312cca8cc-thumb.jpg
[234/311] Processing: Customized Interior Products/Legs Table/20240523_162038.jpg
✓ Watermarked: Customized Interior Products/Legs Table/20240523_162038.jpg
✓ Thumbnail: Customized Interior Products/Legs Table/20240523_162038-thumb.jpg
[235/311] Processing: Customized Interior Products/Legs Table/e530099a50352946fa2dfbed04ef28b7.jpg
✓ Watermarked: Customized Interior Products/Legs Table/e530099a50352946fa2dfbed04ef28b7.jpg
✓ Thumbnail: Customized Interior Products/Legs Table/e530099a50352946fa2dfbed04ef28b7-thumb.jpg
[236/311] Processing: Customized Interior Products/Legs Table/20250718_111958.jpg
✓ Watermarked: Customized Interior Products/Legs Table/20250718_111958.jpg
✓ Thumbnail: Customized Interior Products/Legs Table/20250718_111958-thumb.jpg
[237/311] Processing: Customized Interior Products/Legs Table/20251002_144404.jpg
✓ Watermarked: Customized Interior Products/Legs Table/20251002_144404.jpg
✓ Thumbnail: Customized Interior Products/Legs Table/20251002_144404-thumb.jpg
[238/311] Processing: Customized Interior Products/Legs Table/20240416_170114.jpg
✓ Watermarked: Customized Interior Products/Legs Table/20240416_170114.jpg
✓ Thumbnail: Customized Interior Products/Legs Table/20240416_170114-thumb.jpg
[239/311] Processing: Customized Interior Products/Legs Table/20220216_193155.jpg
✓ Watermarked: Customized Interior Products/Legs Table/20220216_193155.jpg
✓ Thumbnail: Customized Interior Products/Legs Table/20220216_193155-thumb.jpg
[240/311] Processing: Customized Interior Products/Legs Table/20250506_153602.jpg
✓ Watermarked: Customized Interior Products/Legs Table/20250506_153602.jpg
✓ Thumbnail: Customized Interior Products/Legs Table/20250506_153602-thumb.jpg
[241/311] Processing: Customized Interior Products/Metal Stair Design/20240530_110255.jpg
✓ Watermarked: Customized Interior Products/Metal Stair Design/20240530_110255.jpg
✓ Thumbnail: Customized Interior Products/Metal Stair Design/20240530_110255-thumb.jpg
[242/311] Processing: Customized Interior Products/Metal Stair Design/20250618_114541.jpg
✓ Watermarked: Customized Interior Products/Metal Stair Design/20250618_114541.jpg
✓ Thumbnail: Customized Interior Products/Metal Stair Design/20250618_114541-thumb.jpg
[243/311] Processing: Customized Interior Products/Metal Stair Design/20231208_121356.jpg
✓ Watermarked: Customized Interior Products/Metal Stair Design/20231208_121356.jpg
✓ Thumbnail: Customized Interior Products/Metal Stair Design/20231208_121356-thumb.jpg
[244/311] Processing: Customized Interior Products/Metal Stair Design/20240530_110332.jpg
✓ Watermarked: Customized Interior Products/Metal Stair Design/20240530_110332.jpg
✓ Thumbnail: Customized Interior Products/Metal Stair Design/20240530_110332-thumb.jpg
[245/311] Processing: Customized Interior Products/Metal Stair Design/20250430_183932.jpg
✓ Watermarked: Customized Interior Products/Metal Stair Design/20250430_183932.jpg
✓ Thumbnail: Customized Interior Products/Metal Stair Design/20250430_183932-thumb.jpg
[246/311] Processing: Customized Interior Products/Legs Chair/20250618_114518.jpg
✓ Watermarked: Customized Interior Products/Legs Chair/20250618_114518.jpg
✓ Thumbnail: Customized Interior Products/Legs Chair/20250618_114518-thumb.jpg
[247/311] Processing: Customized Interior Products/Legs Chair/20241020_111045.jpg
✓ Watermarked: Customized Interior Products/Legs Chair/20241020_111045.jpg
✓ Thumbnail: Customized Interior Products/Legs Chair/20241020_111045-thumb.jpg
[248/311] Processing: Customized Interior Products/Legs Chair/20250506_153734.jpg
✓ Watermarked: Customized Interior Products/Legs Chair/20250506_153734.jpg
✓ Thumbnail: Customized Interior Products/Legs Chair/20250506_153734-thumb.jpg
[249/311] Processing: Customized Interior Products/Legs Chair/20241020_110520.jpg
✓ Watermarked: Customized Interior Products/Legs Chair/20241020_110520.jpg
✓ Thumbnail: Customized Interior Products/Legs Chair/20241020_110520-thumb.jpg
[250/311] Processing: Customized Interior Products/Legs Chair/bc535b8cf42d68454a9187cdad09f383.jpg
✓ Watermarked: Customized Interior Products/Legs Chair/bc535b8cf42d68454a9187cdad09f383.jpg
✓ Thumbnail: Customized Interior Products/Legs Chair/bc535b8cf42d68454a9187cdad09f383-thumb.jpg
[251/311] Processing: Customized Interior Products/Legs Chair/b4be98c702d8695e4889453d0fe9fa91.jpg
✓ Watermarked: Customized Interior Products/Legs Chair/b4be98c702d8695e4889453d0fe9fa91.jpg
✓ Thumbnail: Customized Interior Products/Legs Chair/b4be98c702d8695e4889453d0fe9fa91-thumb.jpg
[252/311] Processing: Customized Interior Products/Metal Table Design/20251002_144416.jpg
✓ Watermarked: Customized Interior Products/Metal Table Design/20251002_144416.jpg
✓ Thumbnail: Customized Interior Products/Metal Table Design/20251002_144416-thumb.jpg
[253/311] Processing: Customized Interior Products/Metal Table Design/20240809_123730.jpg
✓ Watermarked: Customized Interior Products/Metal Table Design/20240809_123730.jpg
✓ Thumbnail: Customized Interior Products/Metal Table Design/20240809_123730-thumb.jpg
[254/311] Processing: Customized Interior Products/Metal Table Design/20241020_110520.jpg
✓ Watermarked: Customized Interior Products/Metal Table Design/20241020_110520.jpg
✓ Thumbnail: Customized Interior Products/Metal Table Design/20241020_110520-thumb.jpg
[255/311] Processing: Customized Interior Products/Metal Table Design/20241020_110915.jpg
✓ Watermarked: Customized Interior Products/Metal Table Design/20241020_110915.jpg
✓ Thumbnail: Customized Interior Products/Metal Table Design/20241020_110915-thumb.jpg
[256/311] Processing: Customized Interior Products/Metal Table Design/20240523_162038.jpg
✓ Watermarked: Customized Interior Products/Metal Table Design/20240523_162038.jpg
✓ Thumbnail: Customized Interior Products/Metal Table Design/20240523_162038-thumb.jpg
[257/311] Processing: Customized Interior Products/Metal Table Design/20210319_143502.jpg
✓ Watermarked: Customized Interior Products/Metal Table Design/20210319_143502.jpg
✓ Thumbnail: Customized Interior Products/Metal Table Design/20210319_143502-thumb.jpg
[258/311] Processing: Customized Interior Products/Metal Table Design/20240416_170129.jpg
✓ Watermarked: Customized Interior Products/Metal Table Design/20240416_170129.jpg
✓ Thumbnail: Customized Interior Products/Metal Table Design/20240416_170129-thumb.jpg
[259/311] Processing: Customized Interior Products/Metal Table Design/20251002_150913.jpg
✓ Watermarked: Customized Interior Products/Metal Table Design/20251002_150913.jpg
✓ Thumbnail: Customized Interior Products/Metal Table Design/20251002_150913-thumb.jpg
[260/311] Processing: Customized Interior Products/Metal Table Design/20250718_111946.jpg
✓ Watermarked: Customized Interior Products/Metal Table Design/20250718_111946.jpg
✓ Thumbnail: Customized Interior Products/Metal Table Design/20250718_111946-thumb.jpg
[261/311] Processing: Customized Interior Products/Metal Table Design/20240416_170114.jpg
✓ Watermarked: Customized Interior Products/Metal Table Design/20240416_170114.jpg
✓ Thumbnail: Customized Interior Products/Metal Table Design/20240416_170114-thumb.jpg
[262/311] Processing: Customized Interior Products/Metal Table Design/20220216_193155.jpg
✓ Watermarked: Customized Interior Products/Metal Table Design/20220216_193155.jpg
✓ Thumbnail: Customized Interior Products/Metal Table Design/20220216_193155-thumb.jpg
[263/311] Processing: Customized Interior Products/Acrylic Work/20240511_150608.jpg
✗ Error processing Customized Interior Products/Acrylic Work/20240511_150608.jpg: cannot identify image file '/home/ganeshram/work/blackline studio/blackline-studio-images/Customized Interior Products/Acrylic Work/20240511_150608.jpg'
[264/311] Processing: Customized Interior Products/Metal Shelf/20250411_105703.jpg
✓ Watermarked: Customized Interior Products/Metal Shelf/20250411_105703.jpg
✓ Thumbnail: Customized Interior Products/Metal Shelf/20250411_105703-thumb.jpg
[265/311] Processing: Customized Interior Products/Metal Shelf/20240809_123634.jpg
✓ Watermarked: Customized Interior Products/Metal Shelf/20240809_123634.jpg
✓ Thumbnail: Customized Interior Products/Metal Shelf/20240809_123634-thumb.jpg
[266/311] Processing: Customized Interior Products/Metal Shelf/8511c70e1530911dc3d032a7f3c54eef.jpg
✓ Watermarked: Customized Interior Products/Metal Shelf/8511c70e1530911dc3d032a7f3c54eef.jpg
✓ Thumbnail: Customized Interior Products/Metal Shelf/8511c70e1530911dc3d032a7f3c54eef-thumb.jpg
[267/311] Processing: Customized Interior Products/Metal Shelf/20250430_184559.jpg
✓ Watermarked: Customized Interior Products/Metal Shelf/20250430_184559.jpg
✓ Thumbnail: Customized Interior Products/Metal Shelf/20250430_184559-thumb.jpg
[268/311] Processing: Customized Interior Products/Metal Shelf/20230127_124324.jpg
✓ Watermarked: Customized Interior Products/Metal Shelf/20230127_124324.jpg
✓ Thumbnail: Customized Interior Products/Metal Shelf/20230127_124324-thumb.jpg
[269/311] Processing: Customized Interior Products/Metal Shelf/20240528_132251.jpg
✓ Watermarked: Customized Interior Products/Metal Shelf/20240528_132251.jpg
✓ Thumbnail: Customized Interior Products/Metal Shelf/20240528_132251-thumb.jpg
[270/311] Processing: Customized Interior Products/Metal Shelf/20241020_111145.jpg
✓ Watermarked: Customized Interior Products/Metal Shelf/20241020_111145.jpg
✓ Thumbnail: Customized Interior Products/Metal Shelf/20241020_111145-thumb.jpg
[271/311] Processing: Customized Interior Products/Metal Shelf/20250430_184802.jpg
✓ Watermarked: Customized Interior Products/Metal Shelf/20250430_184802.jpg
✓ Thumbnail: Customized Interior Products/Metal Shelf/20250430_184802-thumb.jpg
[272/311] Processing: Customized Interior Products/Metal Shelf/20240619_175113.jpg
✓ Watermarked: Customized Interior Products/Metal Shelf/20240619_175113.jpg
✓ Thumbnail: Customized Interior Products/Metal Shelf/20240619_175113-thumb.jpg
[273/311] Processing: Customized Interior Products/Metal Shelf/20250618_114809.jpg
✓ Watermarked: Customized Interior Products/Metal Shelf/20250618_114809.jpg
✓ Thumbnail: Customized Interior Products/Metal Shelf/20250618_114809-thumb.jpg
[274/311] Processing: Customized Interior Products/Metal Shelf/20250506_153440.jpg
✓ Watermarked: Customized Interior Products/Metal Shelf/20250506_153440.jpg
✓ Thumbnail: Customized Interior Products/Metal Shelf/20250506_153440-thumb.jpg
[275/311] Processing: Customized Interior Products/Metal Shelf/20250506_160555.jpg
✓ Watermarked: Customized Interior Products/Metal Shelf/20250506_160555.jpg
✓ Thumbnail: Customized Interior Products/Metal Shelf/20250506_160555-thumb.jpg
[276/311] Processing: Customized Interior Products/Metal Shelf/20240511_150459.jpg
✓ Watermarked: Customized Interior Products/Metal Shelf/20240511_150459.jpg
✓ Thumbnail: Customized Interior Products/Metal Shelf/20240511_150459-thumb.jpg
[277/311] Processing: Customized Interior Products/Metal Shelf/20240604_120920.jpg
✓ Watermarked: Customized Interior Products/Metal Shelf/20240604_120920.jpg
✓ Thumbnail: Customized Interior Products/Metal Shelf/20240604_120920-thumb.jpg
[278/311] Processing: Customized Interior Products/Metal Shelf/20250618_105030.jpg
✓ Watermarked: Customized Interior Products/Metal Shelf/20250618_105030.jpg
✓ Thumbnail: Customized Interior Products/Metal Shelf/20250618_105030-thumb.jpg
[279/311] Processing: Customized Interior Products/Metal Shelf/20250618_104935.jpg
✓ Watermarked: Customized Interior Products/Metal Shelf/20250618_104935.jpg
✓ Thumbnail: Customized Interior Products/Metal Shelf/20250618_104935-thumb.jpg
[280/311] Processing: Customized Interior Products/Metal Shelf/20240523_162059.jpg
✓ Watermarked: Customized Interior Products/Metal Shelf/20240523_162059.jpg
✓ Thumbnail: Customized Interior Products/Metal Shelf/20240523_162059-thumb.jpg
[281/311] Processing: Customized Interior Products/Metal Shelf/20250506_160612.jpg
✓ Watermarked: Customized Interior Products/Metal Shelf/20250506_160612.jpg
✓ Thumbnail: Customized Interior Products/Metal Shelf/20250506_160612-thumb.jpg
[282/311] Processing: Customized Interior Products/Metal Shelf/20240703_113540.jpg
✓ Watermarked: Customized Interior Products/Metal Shelf/20240703_113540.jpg
✓ Thumbnail: Customized Interior Products/Metal Shelf/20240703_113540-thumb.jpg
[283/311] Processing: Customized Interior Products/Metal Shelf/20230129_125203.jpg
✓ Watermarked: Customized Interior Products/Metal Shelf/20230129_125203.jpg
✓ Thumbnail: Customized Interior Products/Metal Shelf/20230129_125203-thumb.jpg
[284/311] Processing: Customized Interior Products/Metal Shelf/IMG-20241009-WA0010.jpg
✓ Watermarked: Customized Interior Products/Metal Shelf/IMG-20241009-WA0010.jpg
✓ Thumbnail: Customized Interior Products/Metal Shelf/IMG-20241009-WA0010-thumb.jpg
[285/311] Processing: Customized Interior Products/Metal Shelf/20241020_111111.jpg
✓ Watermarked: Customized Interior Products/Metal Shelf/20241020_111111.jpg
✓ Thumbnail: Customized Interior Products/Metal Shelf/20241020_111111-thumb.jpg
[286/311] Processing: Customized Interior Products/Metal Shelf/20230129_125115.jpg
✓ Watermarked: Customized Interior Products/Metal Shelf/20230129_125115.jpg
✓ Thumbnail: Customized Interior Products/Metal Shelf/20230129_125115-thumb.jpg
[287/311] Processing: Customized Interior Products/Metal Shelf/20250506_160601.jpg
✓ Watermarked: Customized Interior Products/Metal Shelf/20250506_160601.jpg
✓ Thumbnail: Customized Interior Products/Metal Shelf/20250506_160601-thumb.jpg
[288/311] Processing: Customized Interior Products/Metal Shelf/20241020_110921.jpg
✓ Watermarked: Customized Interior Products/Metal Shelf/20241020_110921.jpg
✓ Thumbnail: Customized Interior Products/Metal Shelf/20241020_110921-thumb.jpg
[289/311] Processing: Customized Interior Products/Metal Shelf/20240604_120828.jpg
✓ Watermarked: Customized Interior Products/Metal Shelf/20240604_120828.jpg
✓ Thumbnail: Customized Interior Products/Metal Shelf/20240604_120828-thumb.jpg
[290/311] Processing: Customized Interior Products/Metal Shelf/20250506_160706.jpg
✓ Watermarked: Customized Interior Products/Metal Shelf/20250506_160706.jpg
✓ Thumbnail: Customized Interior Products/Metal Shelf/20250506_160706-thumb.jpg
[291/311] Processing: Customized Interior Products/Metal Shelf/20250430_184006.jpg
✓ Watermarked: Customized Interior Products/Metal Shelf/20250430_184006.jpg
✓ Thumbnail: Customized Interior Products/Metal Shelf/20250430_184006-thumb.jpg
[292/311] Processing: Customized Interior Products/Metal Shelf/20251002_144605.jpg
✓ Watermarked: Customized Interior Products/Metal Shelf/20251002_144605.jpg
✓ Thumbnail: Customized Interior Products/Metal Shelf/20251002_144605-thumb.jpg
[293/311] Processing: Customized Interior Products/Handle Wardrobe/20240217_174514.jpg
✓ Watermarked: Customized Interior Products/Handle Wardrobe/20240217_174514.jpg
✓ Thumbnail: Customized Interior Products/Handle Wardrobe/20240217_174514-thumb.jpg
[294/311] Processing: Customized Interior Products/Handle Wardrobe/IMG_20210922_221002_934.jpg
✓ Watermarked: Customized Interior Products/Handle Wardrobe/IMG_20210922_221002_934.jpg
✓ Thumbnail: Customized Interior Products/Handle Wardrobe/IMG_20210922_221002_934-thumb.jpg
[295/311] Processing: Customized Interior Products/Handle Wardrobe/20240217_175432.jpg
✓ Watermarked: Customized Interior Products/Handle Wardrobe/20240217_175432.jpg
✓ Thumbnail: Customized Interior Products/Handle Wardrobe/20240217_175432-thumb.jpg
[296/311] Processing: Customized Interior Products/Handle Wardrobe/IMG-20180914-WA0017.jpg
✓ Watermarked: Customized Interior Products/Handle Wardrobe/IMG-20180914-WA0017.jpg
✓ Thumbnail: Customized Interior Products/Handle Wardrobe/IMG-20180914-WA0017-thumb.jpg
[297/311] Processing: Customized Interior Products/Handle Wardrobe/20251002_144429.jpg
✓ Watermarked: Customized Interior Products/Handle Wardrobe/20251002_144429.jpg
✓ Thumbnail: Customized Interior Products/Handle Wardrobe/20251002_144429-thumb.jpg
[298/311] Processing: Customized Interior Products/Handle Wardrobe/20231216_093926.jpg
✓ Watermarked: Customized Interior Products/Handle Wardrobe/20231216_093926.jpg
✓ Thumbnail: Customized Interior Products/Handle Wardrobe/20231216_093926-thumb.jpg
[299/311] Processing: Customized Interior Products/Handle Wardrobe/IMG_20220305_152757_024.jpg
✓ Watermarked: Customized Interior Products/Handle Wardrobe/IMG_20220305_152757_024.jpg
✓ Thumbnail: Customized Interior Products/Handle Wardrobe/IMG_20220305_152757_024-thumb.jpg
[300/311] Processing: Customized Interior Products/Handle Wardrobe/20240217_175538.jpg
✓ Watermarked: Customized Interior Products/Handle Wardrobe/20240217_175538.jpg
✓ Thumbnail: Customized Interior Products/Handle Wardrobe/20240217_175538-thumb.jpg
[301/311] Processing: Customized Interior Products/Handle Wardrobe/20240217_174604.jpg
✓ Watermarked: Customized Interior Products/Handle Wardrobe/20240217_174604.jpg
✓ Thumbnail: Customized Interior Products/Handle Wardrobe/20240217_174604-thumb.jpg
[302/311] Processing: Customized Interior Products/Handle Wardrobe/IMG_20220305_153208_480.jpg
✓ Watermarked: Customized Interior Products/Handle Wardrobe/IMG_20220305_153208_480.jpg
✓ Thumbnail: Customized Interior Products/Handle Wardrobe/IMG_20220305_153208_480-thumb.jpg
[303/311] Processing: Modern Profile Glass Solution/Window Profile Glass/20240403_135535.jpg
✓ Watermarked: Modern Profile Glass Solution/Window Profile Glass/20240403_135535.jpg
✓ Thumbnail: Modern Profile Glass Solution/Window Profile Glass/20240403_135535-thumb.jpg
[304/311] Processing: Modern Profile Glass Solution/Window Profile Glass/20240403_135454.jpg
✓ Watermarked: Modern Profile Glass Solution/Window Profile Glass/20240403_135454.jpg
✓ Thumbnail: Modern Profile Glass Solution/Window Profile Glass/20240403_135454-thumb.jpg
[305/311] Processing: Customized Interior Products/ottoman bench/2_83.jpeg
✓ Watermarked: Customized Interior Products/ottoman bench/2_83.jpeg
✓ Thumbnail: Customized Interior Products/ottoman bench/2_83-thumb.jpeg
[306/311] Processing: Customized Interior Products/Main Door Concept 1/WhatsApp Image 2025-11-30 at 4.38.29 PM.jpeg
✓ Watermarked: Customized Interior Products/Main Door Concept 1/WhatsApp Image 2025-11-30 at 4.38.29 PM.jpeg
✓ Thumbnail: Customized Interior Products/Main Door Concept 1/WhatsApp Image 2025-11-30 at 4.38.29 PM-thumb.jpeg
[307/311] Processing: Customized Interior Products/Legs Table/WhatsApp Image 2025-11-30 at 4.39.23 PM.jpeg
✓ Watermarked: Customized Interior Products/Legs Table/WhatsApp Image 2025-11-30 at 4.39.23 PM.jpeg
✓ Thumbnail: Customized Interior Products/Legs Table/WhatsApp Image 2025-11-30 at 4.39.23 PM-thumb.jpeg
[308/311] Processing: Customized Interior Products/ottoman bench/Pasted image (2).png
✓ Watermarked: Customized Interior Products/ottoman bench/Pasted image (2).png
✓ Thumbnail: Customized Interior Products/ottoman bench/Pasted image (2)-thumb.png
[309/311] Processing: Customized Interior Products/ottoman bench/Pasted image.png
✓ Watermarked: Customized Interior Products/ottoman bench/Pasted image.png
✓ Thumbnail: Customized Interior Products/ottoman bench/Pasted image-thumb.png
[310/311] Processing: Customized Interior Products/ottoman bench/Pasted image (3).png
✓ Watermarked: Customized Interior Products/ottoman bench/Pasted image (3).png
✓ Thumbnail: Customized Interior Products/ottoman bench/Pasted image (3)-thumb.png
[311/311] Processing: Customized Interior Products/Fluted Panel 3/Pasted image.png
✓ Watermarked: Customized Interior Products/Fluted Panel 3/Pasted image.png
✓ Thumbnail: Customized Interior Products/Fluted Panel 3/Pasted image-thumb.png

✓ Completed processing 311 image(s).
